15:34:42 **** Incremental Build of configuration Nios II for project simplified_tcp ****
make all 
Info: Building ../simplified_tcp_bsp/
C:/altera/15.0/nios2eds/bin/gnu/H-x86_64-mingw32/bin/make --no-print-directory -C ../simplified_tcp_bsp/
[BSP build complete]
[simplified_tcp build complete]
15:34:51 **** Build of configuration Nios II for project simplified_tcp ****
make all 
Info: Building ../simplified_tcp_bsp/
C:/altera/15.0/nios2eds/bin/gnu/H-x86_64-mingw32/bin/make --no-print-directory -C ../simplified_tcp_bsp/
[BSP build complete]
[simplified_tcp build complete]
15:34:54 **** Incremental Build of configuration Nios II for project simplified_tcp ****
make all 
Info: Building ../simplified_tcp_bsp/
C:/altera/15.0/nios2eds/bin/gnu/H-x86_64-mingw32/bin/make --no-print-directory -C ../simplified_tcp_bsp/
[BSP build complete]
[simplified_tcp build complete]
15:36:37 **** Build of configuration Nios II for project simplified_tcp ****
make all 
Info: Building ../simplified_tcp_bsp/
C:/altera/15.0/nios2eds/bin/gnu/H-x86_64-mingw32/bin/make --no-print-directory -C ../simplified_tcp_bsp/
[BSP build complete]
[simplified_tcp build complete]
15:36:38 **** Incremental Build of configuration Nios II for project simplified_tcp ****
make all 
Info: Building ../simplified_tcp_bsp/
C:/altera/15.0/nios2eds/bin/gnu/H-x86_64-mingw32/bin/make --no-print-directory -C ../simplified_tcp_bsp/
[BSP build complete]
[simplified_tcp build complete]
